<?xml version="1.0" encoding="UTF-8"?>
<testsuite xmlns:xsi="http://www.w3.org/2001/XMLSchema-instance" xsi:noNamespaceSchemaLocation="https://maven.apache.org/surefire/maven-surefire-plugin/xsd/surefire-test-report.xsd" name="TestSuite" time="22.161" tests="10" errors="0" skipped="0" failures="1">
  <properties>
[...]
</properties>
  <testcase name="testAd" classname="openWebsiteTestNG.test.GoogleSearchPageTest" time="0.315"/>
  <testcase name="testAllAboutGoogle" classname="openWebsiteTestNG.test.GoogleSearchPageTest" time="0.053"/>
  <testcase name="testConfidentiality" classname="openWebsiteTestNG.test.GoogleSearchPageTest" time="0.061"/>
  <testcase name="testCountry" classname="openWebsiteTestNG.test.GoogleSearchPageTest" time="0.06"/>
  <testcase name="testForBusiness" classname="openWebsiteTestNG.test.GoogleSearchPageTest" time="0.055"/>
  <testcase name="testHowWorksGoogleSearch" classname="openWebsiteTestNG.test.GoogleSearchPageTest" time="5.618">
    <failure message="Element not found {By.xpath: //*[text()=&quot;Как работает Google Поиск&quot;]}&#10;Expected: exist&#10;Screenshot: file:/E:/EPAM/OnboardingEPAMTasks/MavenBrowser/build/reports/tests/1646918617034.0.png&#10;Page source: file:/E:/EPAM/OnboardingEPAMTasks/MavenBrowser/build/reports/tests/1646918617034.0.html&#10;Timeout: 5 s.&#10;Caused by: NoSuchElementException: no such element: Unable to locate element: {&quot;method&quot;:&quot;xpath&quot;,&quot;selector&quot;:&quot;//*[text()=&quot;Как работает Google Поиск&quot;]&quot;}" type="com.codeborne.selenide.ex.ElementNotFound">com.codeborne.selenide.ex.ElementNotFound: 
Element not found {By.xpath: //*[text()="Как работает Google Поиск"]}
Expected: exist
Screenshot: file:/E:/EPAM/OnboardingEPAMTasks/MavenBrowser/build/reports/tests/1646918617034.0.png
Page source: file:/E:/EPAM/OnboardingEPAMTasks/MavenBrowser/build/reports/tests/1646918617034.0.html
Timeout: 5 s.
Caused by: NoSuchElementException: no such element: Unable to locate element: {"method":"xpath","selector":"//*[text()="Как работает Google Поиск"]"}
	at openWebsiteTestNG.test.GoogleSearchPageTest.testHowWorksGoogleSearch(GoogleSearchPageTest.java:49)
Caused by: org.openqa.selenium.NoSuchElementException: 
no such element: Unable to locate element: {"method":"xpath","selector":"//*[text()="Как работает Google Поиск"]"}
  (Session info: chrome=99.0.4844.51)
For documentation on this error, please visit: https://selenium.dev/exceptions/#no_such_element
Build info: version: '4.1.2', revision: '9a5a329c5a'
System info: host: 'КИРИЛЛ-ПК', ip: '100.64.98.157', os.name: 'Windows 10', os.arch: 'amd64', os.version: '10.0', java.version: '14'
Driver info: org.openqa.selenium.chrome.ChromeDriver
Command: [f6c57cfc15b151b691e3cadeb9b998b3, findElement {using=xpath, value=//*[text()="Как работает Google Поиск"]}]
Capabilities {acceptInsecureCerts: true, browserName: chrome, browserVersion: 99.0.4844.51, chrome: {chromedriverVersion: 99.0.4844.51 (d537ec02474b5..., userDataDir: C:\Users\C523~1\AppData\Loc...}, goog:chromeOptions: {debuggerAddress: localhost:59909}, javascriptEnabled: true, networkConnectionEnabled: false, pageLoadStrategy: normal, platform: WINDOWS, platformName: WINDOWS, proxy: Proxy(), se:cdp: ws://localhost:59909/devtoo..., se:cdpVersion: 99.0.4844.51, setWindowRect: true, strictFileInteractability: false, timeouts: {implicit: 0, pageLoad: 300000, script: 30000}, unhandledPromptBehavior: dismiss and notify, webauthn:extension:credBlob: true, webauthn:extension:largeBlob: true, webauthn:virtualAuthenticators: true}
Session ID: f6c57cfc15b151b691e3cadeb9b998b3
	at openWebsiteTestNG.test.GoogleSearchPageTest.testHowWorksGoogleSearch(GoogleSearchPageTest.java:49)
</failure>
  </testcase>
  <testcase name="testMail" classname="openWebsiteTestNG.test.GoogleSearchPageTest" time="0.136"/>
  <testcase name="testPictures" classname="openWebsiteTestNG.test.GoogleSearchPageTest" time="0.057"/>
  <testcase name="testSettings" classname="openWebsiteTestNG.test.GoogleSearchPageTest" time="0.101"/>
  <testcase name="testTerms" classname="openWebsiteTestNG.test.GoogleSearchPageTest" time="0.249"/>
</testsuite>