<?xml version="1.0" encoding="UTF-8"?>
<testsuite xmlns:xsi="http://www.w3.org/2001/XMLSchema-instance" xsi:noNamespaceSchemaLocation="https://maven.apache.org/surefire/maven-surefire-plugin/xsd/surefire-test-report.xsd" name="TestSuite" time="9.98" tests="1" errors="0" skipped="0" failures="1">
  <properties>
[...]
</properties>
  <testcase name="openGoogle" classname="openGoogle.test.GooglePageTest" time="0.089">
    <failure type="java.lang.NullPointerException">java.lang.NullPointerException
	at openGoogle.test.GooglePageTest.openGoogle(GooglePageTest.java:15)
</failure>
    <system-out><![CDATA[2022-03-09 11:56:14,168 INFO  [main] openGoogle.test.AbstractTest.browserSetup(AbstractTest.java:21) opera opened
]]></system-out>
    <system-err><![CDATA[SLF4J: Failed to load class "org.slf4j.impl.StaticLoggerBinder".
SLF4J: Defaulting to no-operation (NOP) logger implementation
SLF4J: See http://www.slf4j.org/codes.html#StaticLoggerBinder for further details.
Starting OperaDriver 98.0.4758.82 (199fc4f2ce08413e0126f4e98393232412a76ab6-refs/branch-heads/4758@{#974}) on port 33348
Only local connections are allowed.
Please see https://chromedriver.chromium.org/security-considerations for suggestions on keeping OperaDriver safe.
OperaDriver was started successfully.
мар. 09, 2022 11:56:13 AM org.openqa.selenium.remote.ProtocolHandshake createSession
INFO: Detected dialect: OSS
]]></system-err>
  </testcase>
</testsuite>