<?xml version="1.0" encoding="UTF-8"?>
<!-- Generated by org.testng.reporters.JUnitXMLReporter -->
<testsuite ignored="2" hostname="Кирилл-ПК" failures="1" tests="1" name="Surefire test" time="8.085" errors="0" timestamp="2022-03-09T11:56:15 MSK">
  <testcase classname="openGoogle.test.GooglePageTest" name="openGoogle" time="0.072">
    <failure type="java.lang.NullPointerException">
      <![CDATA[java.lang.NullPointerException
at openGoogle.page.GoogleMainPage.openPage(GoogleMainPage.java:16)
at openGoogle.test.GooglePageTest.openGoogle(GooglePageTest.java:15)
at java.base/java.util.ArrayList.forEach(ArrayList.java:1510)
... Removed 32 stack frames]]>
    </failure>
  </testcase> <!-- openGoogle -->
  <testcase classname="openGoogle.test.AbstractTest" name="@BeforeTest browserSetup" time="0.0">
    <ignored/>
  </testcase> <!-- @BeforeTest browserSetup -->
  <testcase classname="openGoogle.test.AbstractTest" name="@AfterTest browserExit" time="0.0">
    <ignored/>
  </testcase> <!-- @AfterTest browserExit -->
</testsuite> <!-- Surefire test -->
